2026-03-16 16:00:38,101 | INFO | bot.telegram_bot | telegram_bot.py:36 | CourseMateBot initialized and handlers registered
2026-03-16 16:00:38,101 | INFO | bot.telegram_bot | telegram_bot.py:57 | Starting CourseMateBot polling loop
2026-03-16 16:00:45,584 | INFO | bot.handlers | handlers.py:123 | Received /start from user_id=646061562 username=anshishui
2026-03-16 16:00:45,585 | DEBUG | bot.handlers | handlers.py:129 | Start command | user_id=646061562 username=anshishui chat_id=646061562 text=/start
2026-03-16 16:00:47,603 | INFO | bot.handlers | handlers.py:338 | Received callback 'courses' from user_id=646061562 username=anshishui
2026-03-16 16:00:51,005 | INFO | bot.handlers | handlers.py:338 | Received callback 'course:4347' from user_id=646061562 username=anshishui
2026-03-16 16:00:54,526 | INFO | bot.handlers | handlers.py:338 | Received callback 'course:4347:assignments' from user_id=646061562 username=anshishui
2026-03-16 16:00:59,353 | INFO | bot.handlers | handlers.py:338 | Received callback 'course-assignment:4347:70449' from user_id=646061562 username=anshishui
2026-03-16 18:10:36,711 | INFO | bot.telegram_bot | telegram_bot.py:37 | CourseMateBot initialized and handlers registered
2026-03-16 18:10:36,713 | INFO | bot.telegram_bot | telegram_bot.py:58 | Starting CourseMateBot polling loop
2026-03-16 18:10:39,386 | INFO | bot.handlers | handlers.py:124 | Received /start from user_id=646061562 username=anshishui
2026-03-16 18:10:39,386 | DEBUG | bot.handlers | handlers.py:130 | Start command | user_id=646061562 username=anshishui chat_id=646061562 text=/start
2026-03-16 18:10:41,612 | INFO | bot.handlers | handlers.py:416 | Received callback 'courses' from user_id=646061562 username=anshishui
2026-03-16 18:10:49,402 | INFO | bot.handlers | handlers.py:387 | Stored Canvas token for user_id=646061562 username=anshishui
2026-03-16 18:10:52,915 | INFO | bot.handlers | handlers.py:416 | Received callback 'courses' from user_id=646061562 username=anshishui
2026-03-16 18:10:53,240 | ERROR | bot.handlers | handlers.py:39 | Failed to load courses: 401 Client Error: Unauthorized for url: https://aupp.instructure.com/api/v1/dashboard/dashboard_cards
2026-03-16 18:13:56,030 | INFO | bot.telegram_bot | telegram_bot.py:37 | CourseMateBot initialized and handlers registered
2026-03-16 18:13:56,030 | INFO | bot.telegram_bot | telegram_bot.py:58 | Starting CourseMateBot polling loop
2026-03-16 18:13:59,035 | INFO | bot.handlers | handlers.py:124 | Received /start from user_id=646061562 username=anshishui
2026-03-16 18:13:59,035 | DEBUG | bot.handlers | handlers.py:130 | Start command | user_id=646061562 username=anshishui chat_id=646061562 text=/start
2026-03-16 18:14:01,569 | INFO | bot.handlers | handlers.py:387 | Stored Canvas token for user_id=646061562 username=anshishui
2026-03-16 18:14:08,912 | INFO | bot.handlers | handlers.py:422 | Received callback 'courses' from user_id=646061562 username=anshishui
2026-03-16 18:14:09,231 | ERROR | bot.handlers | handlers.py:39 | Failed to load courses: 401 Client Error: Unauthorized for url: https://aupp.instructure.com/api/v1/dashboard/dashboard_cards
2026-03-16 18:20:41,641 | INFO | bot.telegram_bot | telegram_bot.py:37 | CourseMateBot initialized and handlers registered
2026-03-16 18:20:41,642 | INFO | bot.telegram_bot | telegram_bot.py:58 | Starting CourseMateBot polling loop
2026-03-16 18:20:46,079 | INFO | bot.handlers | handlers.py:124 | Received /start from user_id=646061562 username=anshishui
2026-03-16 18:20:46,080 | DEBUG | bot.handlers | handlers.py:130 | Start command | user_id=646061562 username=anshishui chat_id=646061562 text=/start
2026-03-16 18:20:49,681 | INFO | bot.handlers | handlers.py:422 | Received callback 'courses' from user_id=646061562 username=anshishui
2026-03-16 18:21:00,818 | INFO | bot.handlers | handlers.py:387 | Stored Canvas token for user_id=646061562 username=anshishui
2026-03-16 18:29:55,755 | INFO | bot.telegram_bot | telegram_bot.py:37 | CourseMateBot initialized and handlers registered
2026-03-16 18:29:55,756 | INFO | bot.telegram_bot | telegram_bot.py:58 | Starting CourseMateBot polling loop
2026-03-16 18:30:00,251 | INFO | bot.handlers | handlers.py:124 | Received /start from user_id=646061562 username=anshishui
2026-03-16 18:30:00,251 | DEBUG | bot.handlers | handlers.py:130 | Start command | user_id=646061562 username=anshishui chat_id=646061562 text=/start
2026-03-16 18:30:55,497 | INFO | bot.handlers | handlers.py:387 | Stored Canvas token for user_id=646061562 username=anshishui
2026-03-16 18:33:27,500 | INFO | bot.telegram_bot | telegram_bot.py:37 | CourseMateBot initialized and handlers registered
2026-03-16 18:33:27,501 | INFO | bot.telegram_bot | telegram_bot.py:58 | Starting CourseMateBot polling loop
2026-03-16 18:33:39,272 | INFO | bot.handlers | handlers.py:422 | Received callback 'courses' from user_id=646061562 username=anshishui
2026-03-16 18:33:39,609 | ERROR | bot.handlers | handlers.py:39 | Failed to load courses: 401 Client Error: Unauthorized for url: https://aupp.instructure.com/api/v1/dashboard/dashboard_cards
2026-03-16 18:33:42,900 | INFO | bot.handlers | handlers.py:124 | Received /start from user_id=646061562 username=anshishui
2026-03-16 18:33:42,900 | DEBUG | bot.handlers | handlers.py:130 | Start command | user_id=646061562 username=anshishui chat_id=646061562 text=/start
2026-03-16 18:33:45,503 | INFO | bot.handlers | handlers.py:422 | Received callback 'courses' from user_id=646061562 username=anshishui
2026-03-16 18:33:45,837 | ERROR | bot.handlers | handlers.py:39 | Failed to load courses: 401 Client Error: Unauthorized for url: https://aupp.instructure.com/api/v1/dashboard/dashboard_cards
2026-03-16 18:33:54,167 | INFO | bot.handlers | handlers.py:387 | Stored Canvas token for user_id=646061562 username=anshishui
2026-03-16 18:37:39,673 | INFO | bot.telegram_bot | telegram_bot.py:37 | CourseMateBot initialized and handlers registered
2026-03-16 18:37:39,674 | INFO | bot.telegram_bot | telegram_bot.py:58 | Starting CourseMateBot polling loop
2026-03-16 18:37:45,847 | INFO | bot.handlers | handlers.py:124 | Received /start from user_id=646061562 username=anshishui
2026-03-16 18:37:45,848 | DEBUG | bot.handlers | handlers.py:130 | Start command | user_id=646061562 username=anshishui chat_id=646061562 text=/start
2026-03-16 18:44:18,377 | INFO | bot.telegram_bot | telegram_bot.py:37 | CourseMateBot initialized and handlers registered
2026-03-16 18:44:18,378 | INFO | bot.telegram_bot | telegram_bot.py:58 | Starting CourseMateBot polling loop
2026-03-16 18:44:22,396 | INFO | bot.handlers | handlers.py:124 | Received /start from user_id=646061562 username=anshishui
2026-03-16 18:44:22,397 | DEBUG | bot.handlers | handlers.py:130 | Start command | user_id=646061562 username=anshishui chat_id=646061562 text=/start
2026-03-16 18:44:24,666 | INFO | bot.handlers | handlers.py:424 | Received callback 'courses' from user_id=646061562 username=anshishui
2026-03-16 18:44:29,249 | INFO | bot.handlers | handlers.py:389 | Stored Canvas token for user_id=646061562 username=anshishui
2026-03-16 18:52:12,416 | INFO | bot.telegram_bot | telegram_bot.py:37 | CourseMateBot initialized and handlers registered
2026-03-16 18:52:12,418 | INFO | bot.telegram_bot | telegram_bot.py:58 | Starting CourseMateBot polling loop
2026-03-16 18:52:19,918 | INFO | bot.handlers | handlers.py:389 | Stored Canvas token for user_id=646061562 username=anshishui
2026-03-16 18:52:50,363 | INFO | bot.handlers | handlers.py:124 | Received /start from user_id=646061562 username=anshishui
2026-03-16 18:52:50,363 | DEBUG | bot.handlers | handlers.py:130 | Start command | user_id=646061562 username=anshishui chat_id=-5258627847 text=/start
2026-03-16 18:52:55,577 | INFO | bot.handlers | handlers.py:424 | Received callback 'courses' from user_id=646061562 username=anshishui
2026-03-16 18:52:55,898 | ERROR | bot.handlers | handlers.py:39 | Failed to load courses: 401 Client Error: Unauthorized for url: https://aupp.instructure.com/api/v1/dashboard/dashboard_cards
2026-03-16 18:53:05,825 | INFO | bot.handlers | handlers.py:389 | Stored Canvas token for user_id=646061562 username=anshishui
2026-03-16 19:06:20,367 | INFO | bot.telegram_bot | telegram_bot.py:37 | CourseMateBot initialized and handlers registered
2026-03-16 19:06:20,367 | INFO | bot.telegram_bot | telegram_bot.py:58 | Starting CourseMateBot polling loop
2026-03-16 19:06:27,439 | INFO | bot.handlers | handlers.py:124 | Received /start from user_id=646061562 username=anshishui
2026-03-16 19:06:27,439 | DEBUG | bot.handlers | handlers.py:130 | Start command | user_id=646061562 username=anshishui chat_id=646061562 text=/start
2026-03-16 19:06:30,489 | INFO | bot.handlers | handlers.py:421 | Received callback 'courses' from user_id=646061562 username=anshishui
2026-03-16 19:06:34,735 | INFO | bot.handlers | handlers.py:388 | Stored Canvas token for chat_id=646061562 username=anshishui
2026-03-16 19:06:56,492 | INFO | bot.handlers | handlers.py:124 | Received /start from user_id=646061562 username=anshishui
2026-03-16 19:06:56,494 | DEBUG | bot.handlers | handlers.py:130 | Start command | user_id=646061562 username=anshishui chat_id=-5258627847 text=/start@CourseMateAIBot
2026-03-16 19:07:04,211 | INFO | bot.handlers | handlers.py:421 | Received callback 'courses' from user_id=646061562 username=anshishui
2026-03-16 19:07:06,188 | ERROR | bot.handlers | handlers.py:811 | Bot error: (sqlite3.IntegrityError) UNIQUE constraint failed: users.username
[SQL: INSERT INTO users (id, telegram_user_id, lastname, firstname, username, canvas_token) VALUES (?, ?, ?, ?, ?, ?) RETURNING created_at]
[parameters: ('6e55232a-874c-4583-9c4a-179818982026', -5258627847, 'Kheav | ខៀវ គៀងហុក', 'Kienghok', 'anshishui', 'gAAAAABpt_JquaHmwoKqF_C7e0mTJ_i9CiGxKANbGmcbdPb7QhOHZnl4OztposY5YuvpC3mv8omQ8KUwm-gJ9v9iMsOMh1aF-pKLTzXrTE8v5B2_Y9_p6-Q=')]
(Background on this error at: https://sqlalche.me/e/20/gkpj)
Traceback (most recent call last):
  File "/home/keanghok/Development/SideProject/TelegramBot/.venv/lib/python3.12/site-packages/sqlalchemy/engine/base.py", line 1967, in _exec_single_context
    self.dialect.do_execute(
  File "/home/keanghok/Development/SideProject/TelegramBot/.venv/lib/python3.12/site-packages/sqlalchemy/engine/default.py", line 952, in do_execute
    cursor.execute(statement, parameters)
sqlite3.IntegrityError: UNIQUE constraint failed: users.username

The above exception was the direct cause of the following exception:

Traceback (most recent call last):
  File "/home/keanghok/Development/SideProject/TelegramBot/.venv/lib/python3.12/site-packages/telegram/ext/_application.py", line 1315, in process_update
    await coroutine
  File "/home/keanghok/Development/SideProject/TelegramBot/.venv/lib/python3.12/site-packages/telegram/ext/_handlers/basehandler.py", line 159, in handle_update
    return await self.callback(update, context)
           ^^^^^^^^^^^^^^^^^^^^^^^^^^^^^^^^^^^^
  File "/home/keanghok/Development/SideProject/TelegramBot/app/bot/handlers.py", line 386, in set_canvas_token_command
    set_user_canvas_token(chat_id, username, token, first_name, last_name)
  File "/home/keanghok/Development/SideProject/TelegramBot/app/services/user_store.py", line 49, in set_user_canvas_token
    session.commit()
  File "/home/keanghok/Development/SideProject/TelegramBot/.venv/lib/python3.12/site-packages/sqlalchemy/orm/session.py", line 2030, in commit
    trans.commit(_to_root=True)
  File "<string>", line 2, in commit
  File "/home/keanghok/Development/SideProject/TelegramBot/.venv/lib/python3.12/site-packages/sqlalchemy/orm/state_changes.py", line 137, in _go
    ret_value = fn(self, *arg, **kw)
                ^^^^^^^^^^^^^^^^^^^^
  File "/home/keanghok/Development/SideProject/TelegramBot/.venv/lib/python3.12/site-packages/sqlalchemy/orm/session.py", line 1311, in commit
    self._prepare_impl()
  File "<string>", line 2, in _prepare_impl
  File "/home/keanghok/Development/SideProject/TelegramBot/.venv/lib/python3.12/site-packages/sqlalchemy/orm/state_changes.py", line 137, in _go
    ret_value = fn(self, *arg, **kw)
                ^^^^^^^^^^^^^^^^^^^^
  File "/home/keanghok/Development/SideProject/TelegramBot/.venv/lib/python3.12/site-packages/sqlalchemy/orm/session.py", line 1286, in _prepare_impl
    self.session.flush()
  File "/home/keanghok/Development/SideProject/TelegramBot/.venv/lib/python3.12/site-packages/sqlalchemy/orm/session.py", line 4331, in flush
    self._flush(objects)
  File "/home/keanghok/Development/SideProject/TelegramBot/.venv/lib/python3.12/site-packages/sqlalchemy/orm/session.py", line 4466, in _flush
    with util.safe_reraise():
  File "/home/keanghok/Development/SideProject/TelegramBot/.venv/lib/python3.12/site-packages/sqlalchemy/util/langhelpers.py", line 121, in __exit__
    raise exc_value.with_traceback(exc_tb)
  File "/home/keanghok/Development/SideProject/TelegramBot/.venv/lib/python3.12/site-packages/sqlalchemy/orm/session.py", line 4427, in _flush
    flush_context.execute()
  File "/home/keanghok/Development/SideProject/TelegramBot/.venv/lib/python3.12/site-packages/sqlalchemy/orm/unitofwork.py", line 466, in execute
    rec.execute(self)
  File "/home/keanghok/Development/SideProject/TelegramBot/.venv/lib/python3.12/site-packages/sqlalchemy/orm/unitofwork.py", line 642, in execute
    util.preloaded.orm_persistence.save_obj(
  File "/home/keanghok/Development/SideProject/TelegramBot/.venv/lib/python3.12/site-packages/sqlalchemy/orm/persistence.py", line 93, in save_obj
    _emit_insert_statements(
  File "/home/keanghok/Development/SideProject/TelegramBot/.venv/lib/python3.12/site-packages/sqlalchemy/orm/persistence.py", line 1233, in _emit_insert_statements
    result = connection.execute(
             ^^^^^^^^^^^^^^^^^^^
  File "/home/keanghok/Development/SideProject/TelegramBot/.venv/lib/python3.12/site-packages/sqlalchemy/engine/base.py", line 1419, in execute
    return meth(
           ^^^^^
  File "/home/keanghok/Development/SideProject/TelegramBot/.venv/lib/python3.12/site-packages/sqlalchemy/sql/elements.py", line 527, in _execute_on_connection
    return connection._execute_clauseelement(
           ^^^^^^^^^^^^^^^^^^^^^^^^^^^^^^^^^^
  File "/home/keanghok/Development/SideProject/TelegramBot/.venv/lib/python3.12/site-packages/sqlalchemy/engine/base.py", line 1641, in _execute_clauseelement
    ret = self._execute_context(
          ^^^^^^^^^^^^^^^^^^^^^^
  File "/home/keanghok/Development/SideProject/TelegramBot/.venv/lib/python3.12/site-packages/sqlalchemy/engine/base.py", line 1846, in _execute_context
    return self._exec_single_context(
           ^^^^^^^^^^^^^^^^^^^^^^^^^^
  File "/home/keanghok/Development/SideProject/TelegramBot/.venv/lib/python3.12/site-packages/sqlalchemy/engine/base.py", line 1986, in _exec_single_context
    self._handle_dbapi_exception(
  File "/home/keanghok/Development/SideProject/TelegramBot/.venv/lib/python3.12/site-packages/sqlalchemy/engine/base.py", line 2363, in _handle_dbapi_exception
    raise sqlalchemy_exception.with_traceback(exc_info[2]) from e
  File "/home/keanghok/Development/SideProject/TelegramBot/.venv/lib/python3.12/site-packages/sqlalchemy/engine/base.py", line 1967, in _exec_single_context
    self.dialect.do_execute(
  File "/home/keanghok/Development/SideProject/TelegramBot/.venv/lib/python3.12/site-packages/sqlalchemy/engine/default.py", line 952, in do_execute
    cursor.execute(statement, parameters)
sqlalchemy.exc.IntegrityError: (sqlite3.IntegrityError) UNIQUE constraint failed: users.username
[SQL: INSERT INTO users (id, telegram_user_id, lastname, firstname, username, canvas_token) VALUES (?, ?, ?, ?, ?, ?) RETURNING created_at]
[parameters: ('6e55232a-874c-4583-9c4a-179818982026', -5258627847, 'Kheav | ខៀវ គៀងហុក', 'Kienghok', 'anshishui', 'gAAAAABpt_JquaHmwoKqF_C7e0mTJ_i9CiGxKANbGmcbdPb7QhOHZnl4OztposY5YuvpC3mv8omQ8KUwm-gJ9v9iMsOMh1aF-pKLTzXrTE8v5B2_Y9_p6-Q=')]
(Background on this error at: https://sqlalche.me/e/20/gkpj)
2026-03-16 19:07:31,687 | INFO | bot.handlers | handlers.py:124 | Received /start from user_id=646061562 username=anshishui
2026-03-16 19:07:31,687 | DEBUG | bot.handlers | handlers.py:130 | Start command | user_id=646061562 username=anshishui chat_id=-5258627847 text=/start
2026-03-16 19:08:00,049 | INFO | bot.handlers | handlers.py:388 | Stored Canvas token for chat_id=646061562 username=anshishui
2026-03-16 19:08:05,122 | INFO | bot.handlers | handlers.py:421 | Received callback 'courses' from user_id=646061562 username=anshishui
2026-03-16 19:08:05,457 | ERROR | bot.handlers | handlers.py:39 | Failed to load courses: 401 Client Error: Unauthorized for url: https://aupp.instructure.com/api/v1/dashboard/dashboard_cards
2026-03-16 19:08:20,332 | INFO | bot.handlers | handlers.py:388 | Stored Canvas token for chat_id=646061562 username=anshishui
2026-03-16 19:08:23,359 | INFO | bot.handlers | handlers.py:421 | Received callback 'courses' from user_id=646061562 username=anshishui
2026-03-16 19:08:23,679 | ERROR | bot.handlers | handlers.py:39 | Failed to load courses: 401 Client Error: Unauthorized for url: https://aupp.instructure.com/api/v1/dashboard/dashboard_cards
2026-03-16 19:13:18,473 | INFO | bot.telegram_bot | telegram_bot.py:37 | CourseMateBot initialized and handlers registered
2026-03-16 19:13:18,473 | INFO | bot.telegram_bot | telegram_bot.py:58 | Starting CourseMateBot polling loop
2026-03-16 19:13:20,062 | INFO | bot.handlers | handlers.py:388 | Stored Canvas token for chat_id=646061562 username=anshishui
2026-03-16 19:13:22,827 | INFO | bot.handlers | handlers.py:421 | Received callback 'courses' from user_id=646061562 username=anshishui
2026-03-16 19:13:23,167 | ERROR | bot.handlers | handlers.py:39 | Failed to load courses: 401 Client Error: Unauthorized for url: https://aupp.instructure.com/api/v1/dashboard/dashboard_cards
2026-03-16 19:20:51,175 | INFO | bot.telegram_bot | telegram_bot.py:37 | CourseMateBot initialized and handlers registered
2026-03-16 19:20:51,176 | INFO | bot.telegram_bot | telegram_bot.py:58 | Starting CourseMateBot polling loop
2026-03-16 19:20:52,813 | INFO | bot.handlers | handlers.py:388 | Stored Canvas token for chat_id=646061562 username=anshishui
2026-03-16 19:23:25,519 | INFO | bot.telegram_bot | telegram_bot.py:37 | CourseMateBot initialized and handlers registered
2026-03-16 19:23:25,520 | INFO | bot.telegram_bot | telegram_bot.py:58 | Starting CourseMateBot polling loop
2026-03-16 19:35:28,837 | INFO | bot.telegram_bot | telegram_bot.py:37 | CourseMateBot initialized and handlers registered
2026-03-16 19:35:28,838 | INFO | bot.telegram_bot | telegram_bot.py:58 | Starting CourseMateBot polling loop
2026-03-16 19:35:31,065 | INFO | bot.handlers | handlers.py:388 | Stored Canvas token for chat_id=646061562 username=anshishui
2026-03-16 19:35:35,382 | INFO | bot.handlers | handlers.py:421 | Received callback 'courses' from user_id=646061562 username=anshishui
2026-03-16 19:35:36,246 | ERROR | bot.handlers | handlers.py:39 | Failed to load courses: 401 Client Error: Unauthorized for url: https://aupp.instructure.com/api/v1/dashboard/dashboard_cards
2026-03-16 19:35:51,611 | INFO | bot.handlers | handlers.py:388 | Stored Canvas token for chat_id=646061562 username=anshishui
2026-03-16 19:35:54,378 | INFO | bot.handlers | handlers.py:421 | Received callback 'courses' from user_id=646061562 username=anshishui
2026-03-16 19:35:54,783 | ERROR | bot.handlers | handlers.py:39 | Failed to load courses: 401 Client Error: Unauthorized for url: https://aupp.instructure.com/api/v1/dashboard/dashboard_cards
2026-03-16 19:37:24,064 | INFO | bot.telegram_bot | telegram_bot.py:37 | CourseMateBot initialized and handlers registered
2026-03-16 19:37:24,064 | INFO | bot.telegram_bot | telegram_bot.py:58 | Starting CourseMateBot polling loop
2026-03-16 19:37:25,628 | INFO | bot.handlers | handlers.py:388 | Stored Canvas token for chat_id=646061562 username=anshishui
2026-03-16 19:37:28,021 | INFO | bot.handlers | handlers.py:421 | Received callback 'courses' from user_id=646061562 username=anshishui
2026-03-16 19:37:31,191 | INFO | bot.handlers | handlers.py:421 | Received callback 'course:4514' from user_id=646061562 username=anshishui
2026-03-16 19:37:34,765 | INFO | bot.handlers | handlers.py:421 | Received callback 'course:4514:assignments' from user_id=646061562 username=anshishui
